  [1m[35m (0.2ms)[0m  [1m[35mDROP DATABASE IF EXISTS "TaskList_development"[0m
  ↳ bin/rails:9
  [1m[35m (0.1ms)[0m  [1m[35mDROP DATABASE IF EXISTS "TaskList_test"[0m
  ↳ bin/rails:9
  [1m[35m (392.5ms)[0m  [1m[35mCREATE DATABASE "TaskList_development" ENCODING = 'unicode'[0m
  ↳ bin/rails:9
  [1m[35m (405.8ms)[0m  [1m[35mCREATE DATABASE "TaskList_test" ENCODING = 'unicode'[0m
  ↳ bin/rails:9
Started GET "/" for 127.0.0.1 at 2018-09-17 14:03:47 -0700
Processing by Rails::WelcomeController#index as HTML
  Rendering /Users/leanne/.rvm/gems/ruby-2.5.1/gems/railties-5.2.1/lib/rails/templates/rails/welcome/index.html.erb
  Rendered /Users/leanne/.rvm/gems/ruby-2.5.1/gems/railties-5.2.1/lib/rails/templates/rails/welcome/index.html.erb (3.0ms)
Completed 200 OK in 19ms (Views: 9.8ms | ActiveRecord: 0.0ms)


  [1m[35m (22.0ms)[0m  [1m[35mCREATE TABLE "schema_migrations" ("version" character varying NOT NULL PRIMARY KEY)[0m
  ↳ bin/rails:9
  [1m[35m (20.3ms)[0m  [1m[35mCREATE TABLE "ar_internal_metadata" ("key" character varying NOT NULL PRIMARY KEY, "value" character varying, "created_at" timestamp NOT NULL, "updated_at" timestamp NOT NULL)[0m
  ↳ bin/rails:9
  [1m[35m (0.2ms)[0m  [1m[34mSELECT pg_try_advisory_lock(4169262226251541860)[0m
  ↳ bin/rails:9
  [1m[35m (0.4ms)[0m  [1m[34mSELECT "schema_migrations"."version" FROM "schema_migrations" ORDER BY "schema_migrations"."version" ASC[0m
  ↳ bin/rails:9
  [1m[36mActiveRecord::InternalMetadata Load (0.3ms)[0m  [1m[34mSELECT  "ar_internal_metadata".* FROM "ar_internal_metadata" WHERE "ar_internal_metadata"."key" = $1 LIMIT $2[0m  [["key", "environment"], ["LIMIT", 1]]
  ↳ bin/rails:9
  [1m[35m (0.1ms)[0m  [1m[35mBEGIN[0m
  ↳ bin/rails:9
  [1m[36mActiveRecord::InternalMetadata Create (0.4ms)[0m  [1m[32mINSERT INTO "ar_internal_metadata" ("key", "value", "created_at", "updated_at") VALUES ($1, $2, $3, $4) RETURNING "key"[0m  [["key", "environment"], ["value", "development"], ["created_at", "2018-09-17 21:04:44.150629"], ["updated_at", "2018-09-17 21:04:44.150629"]]
  ↳ bin/rails:9
  [1m[35m (6.2ms)[0m  [1m[35mCOMMIT[0m
  ↳ bin/rails:9
  [1m[35m (0.3ms)[0m  [1m[34mSELECT pg_advisory_unlock(4169262226251541860)[0m
  ↳ bin/rails:9
  [1m[35m (0.2ms)[0m  [1m[34mSELECT "schema_migrations"."version" FROM "schema_migrations" ORDER BY "schema_migrations"."version" ASC[0m
  ↳ bin/rails:9
